<?xml version="1.0" encoding="UTF-8"?>
<testsuite name="org.example.app.MessageUtilsTest" tests="1" skipped="0" failures="0" errors="0" timestamp="2025-03-24T09:15:51.789Z" hostname="DESKTOP-KVECFDS" time="0.001">
  <properties/>
  <testcase name="testGetMessage()" classname="org.example.app.MessageUtilsTest" time="0.001"/>
  <system-out><![CDATA[]]></system-out>
  <system-err><![CDATA[]]></system-err>
</testsuite>
