<?xml version="1.0" encoding="UTF-8"?>
<testsuite name="org.example.app.core.resources.NetworkP2PTest" tests="6" skipped="1" failures="0" errors="0" timestamp="2025-03-24T09:15:51.821Z" hostname="DESKTOP-KVECFDS" time="0.04">
  <properties/>
  <testcase name="testPeerConnectivity()" classname="org.example.app.core.resources.NetworkP2PTest" time="0.003"/>
  <testcase name="testBroadcastMessage()" classname="org.example.app.core.resources.NetworkP2PTest" time="0.003"/>
  <testcase name="testRealNetworkFunctionality()" classname="org.example.app.core.resources.NetworkP2PTest" time="0.001">
    <skipped/>
  </testcase>
  <testcase name="testPeersXmlParsing()" classname="org.example.app.core.resources.NetworkP2PTest" time="0.027"/>
  <testcase name="testSendMessage()" classname="org.example.app.core.resources.NetworkP2PTest" time="0.001"/>
  <testcase name="testRequestResponse()" classname="org.example.app.core.resources.NetworkP2PTest" time="0.002"/>
  <system-out><![CDATA[]]></system-out>
  <system-err><![CDATA[[Test worker] INFO org.example.app.core.resources.NetworkP2PTest - ===== INITIALIZING TEST =====
[Test worker] INFO org.example.app.core.resources.NetworkP2PTest - Network Mode: LOCAL
[Test worker] INFO org.example.app.core.resources.NetworkP2PTest - Peer Count: 3
[Test worker] INFO org.example.app.core.resources.NetworkP2PTest - Started local peer peer-1 on port 8001
[Test worker] INFO org.example.app.core.resources.NetworkP2PTest - Started local peer peer-2 on port 8002
[Test worker] INFO org.example.app.core.resources.NetworkP2PTest - Started local peer peer-3 on port 8003
[Test worker] INFO org.example.app.core.resources.NetworkP2PTest - peer-1 connected to peer at port 8002
[Test worker] INFO org.example.app.core.resources.NetworkP2PTest - peer-1 connected to peer at port 8003
[Test worker] INFO org.example.app.core.resources.NetworkP2PTest - peer-2 connected to peer at port 8003
[Test worker] INFO org.example.app.core.resources.NetworkP2PTest - Network manager initialized in LOCAL mode with 3 peers
[Test worker] INFO org.example.app.core.resources.NetworkP2PTest - ===== TESTING PEER CONNECTIVITY =====
[Test worker] INFO org.example.app.core.resources.NetworkP2PTest - Peer 0 connected to Peer 1: true
[Test worker] INFO org.example.app.core.resources.NetworkP2PTest - Peer 0 connected to Peer 2: true
[Test worker] INFO org.example.app.core.resources.NetworkP2PTest - Peer 1 connected to Peer 2: true
[Test worker] INFO org.example.app.core.resources.NetworkP2PTest - Stopped local peer peer-1
[Test worker] INFO org.example.app.core.resources.NetworkP2PTest - Stopped local peer peer-2
[Test worker] INFO org.example.app.core.resources.NetworkP2PTest - Stopped local peer peer-3
[Test worker] INFO org.example.app.core.resources.NetworkP2PTest - Network manager stopped
[Test worker] INFO org.example.app.core.resources.NetworkP2PTest - ===== INITIALIZING TEST =====
[Test worker] INFO org.example.app.core.resources.NetworkP2PTest - Network Mode: LOCAL
[Test worker] INFO org.example.app.core.resources.NetworkP2PTest - Peer Count: 3
[Test worker] INFO org.example.app.core.resources.NetworkP2PTest - Started local peer peer-1 on port 8001
[Test worker] INFO org.example.app.core.resources.NetworkP2PTest - Started local peer peer-2 on port 8002
[Test worker] INFO org.example.app.core.resources.NetworkP2PTest - Started local peer peer-3 on port 8003
[Test worker] INFO org.example.app.core.resources.NetworkP2PTest - peer-1 connected to peer at port 8002
[Test worker] INFO org.example.app.core.resources.NetworkP2PTest - peer-1 connected to peer at port 8003
[Test worker] INFO org.example.app.core.resources.NetworkP2PTest - peer-2 connected to peer at port 8003
[Test worker] INFO org.example.app.core.resources.NetworkP2PTest - Network manager initialized in LOCAL mode with 3 peers
[Test worker] INFO org.example.app.core.resources.NetworkP2PTest - ===== TESTING BROADCAST MESSAGE =====
[Test worker] INFO org.example.app.core.resources.NetworkP2PTest - peer-2 received message from port 8001: BROADCAST
[Test worker] INFO org.example.app.core.resources.NetworkP2PTest - peer-1 sent message to peer at port 8002
[Test worker] INFO org.example.app.core.resources.NetworkP2PTest - peer-3 received message from port 8001: BROADCAST
[Test worker] INFO org.example.app.core.resources.NetworkP2PTest - peer-1 sent message to peer at port 8003
[Test worker] INFO org.example.app.core.resources.NetworkP2PTest - Broadcast message from Peer 0: true
[Test worker] INFO org.example.app.core.resources.NetworkP2PTest - Messages received by Peer 1: 1
[Test worker] INFO org.example.app.core.resources.NetworkP2PTest - Messages received by Peer 2: 1
[Test worker] INFO org.example.app.core.resources.NetworkP2PTest - Stopped local peer peer-1
[Test worker] INFO org.example.app.core.resources.NetworkP2PTest - Stopped local peer peer-2
[Test worker] INFO org.example.app.core.resources.NetworkP2PTest - Stopped local peer peer-3
[Test worker] INFO org.example.app.core.resources.NetworkP2PTest - Network manager stopped
[Test worker] INFO org.example.app.core.resources.NetworkP2PTest - ===== INITIALIZING TEST =====
[Test worker] INFO org.example.app.core.resources.NetworkP2PTest - Network Mode: LOCAL
[Test worker] INFO org.example.app.core.resources.NetworkP2PTest - Peer Count: 3
[Test worker] INFO org.example.app.core.resources.NetworkP2PTest - Started local peer peer-1 on port 8001
[Test worker] INFO org.example.app.core.resources.NetworkP2PTest - Started local peer peer-2 on port 8002
[Test worker] INFO org.example.app.core.resources.NetworkP2PTest - Started local peer peer-3 on port 8003
[Test worker] INFO org.example.app.core.resources.NetworkP2PTest - peer-1 connected to peer at port 8002
[Test worker] INFO org.example.app.core.resources.NetworkP2PTest - peer-1 connected to peer at port 8003
[Test worker] INFO org.example.app.core.resources.NetworkP2PTest - peer-2 connected to peer at port 8003
[Test worker] INFO org.example.app.core.resources.NetworkP2PTest - Network manager initialized in LOCAL mode with 3 peers
[Test worker] INFO org.example.app.core.resources.NetworkP2PTest - ===== TESTING PEERS XML PARSING =====
[Test worker] INFO org.example.app.core.resources.NetworkP2PTest - Loaded peers: [127.0.0.1:8001, 127.0.0.1:8002, 127.0.0.1:8003, 127.0.0.1:8004, 127.0.0.1:8005, 127.0.0.1:8006, 127.0.0.1:8007, 127.0.0.1:8008, 127.0.0.1:8009, 127.0.0.1:8010]
[Test worker] INFO org.example.app.core.resources.NetworkP2PTest - Stopped local peer peer-1
[Test worker] INFO org.example.app.core.resources.NetworkP2PTest - Stopped local peer peer-2
[Test worker] INFO org.example.app.core.resources.NetworkP2PTest - Stopped local peer peer-3
[Test worker] INFO org.example.app.core.resources.NetworkP2PTest - Network manager stopped
[Test worker] INFO org.example.app.core.resources.NetworkP2PTest - ===== INITIALIZING TEST =====
[Test worker] INFO org.example.app.core.resources.NetworkP2PTest - Network Mode: LOCAL
[Test worker] INFO org.example.app.core.resources.NetworkP2PTest - Peer Count: 3
[Test worker] INFO org.example.app.core.resources.NetworkP2PTest - Started local peer peer-1 on port 8001
[Test worker] INFO org.example.app.core.resources.NetworkP2PTest - Started local peer peer-2 on port 8002
[Test worker] INFO org.example.app.core.resources.NetworkP2PTest - Started local peer peer-3 on port 8003
[Test worker] INFO org.example.app.core.resources.NetworkP2PTest - peer-1 connected to peer at port 8002
[Test worker] INFO org.example.app.core.resources.NetworkP2PTest - peer-1 connected to peer at port 8003
[Test worker] INFO org.example.app.core.resources.NetworkP2PTest - peer-2 connected to peer at port 8003
[Test worker] INFO org.example.app.core.resources.NetworkP2PTest - Network manager initialized in LOCAL mode with 3 peers
[Test worker] INFO org.example.app.core.resources.NetworkP2PTest - ===== TESTING MESSAGE SENDING =====
[Test worker] INFO org.example.app.core.resources.NetworkP2PTest - peer-2 received message from port 8001: TEST
[Test worker] INFO org.example.app.core.resources.NetworkP2PTest - peer-1 sent message to peer at port 8002
[Test worker] INFO org.example.app.core.resources.NetworkP2PTest - Message sent from Peer 0 to Peer 1: true
[Test worker] INFO org.example.app.core.resources.NetworkP2PTest - Messages received by Peer 1: 1
[Test worker] INFO org.example.app.core.resources.NetworkP2PTest - Stopped local peer peer-1
[Test worker] INFO org.example.app.core.resources.NetworkP2PTest - Stopped local peer peer-2
[Test worker] INFO org.example.app.core.resources.NetworkP2PTest - Stopped local peer peer-3
[Test worker] INFO org.example.app.core.resources.NetworkP2PTest - Network manager stopped
[Test worker] INFO org.example.app.core.resources.NetworkP2PTest - ===== INITIALIZING TEST =====
[Test worker] INFO org.example.app.core.resources.NetworkP2PTest - Network Mode: LOCAL
[Test worker] INFO org.example.app.core.resources.NetworkP2PTest - Peer Count: 3
[Test worker] INFO org.example.app.core.resources.NetworkP2PTest - Started local peer peer-1 on port 8001
[Test worker] INFO org.example.app.core.resources.NetworkP2PTest - Started local peer peer-2 on port 8002
[Test worker] INFO org.example.app.core.resources.NetworkP2PTest - Started local peer peer-3 on port 8003
[Test worker] INFO org.example.app.core.resources.NetworkP2PTest - peer-1 connected to peer at port 8002
[Test worker] INFO org.example.app.core.resources.NetworkP2PTest - peer-1 connected to peer at port 8003
[Test worker] INFO org.example.app.core.resources.NetworkP2PTest - peer-2 connected to peer at port 8003
[Test worker] INFO org.example.app.core.resources.NetworkP2PTest - Network manager initialized in LOCAL mode with 3 peers
[Test worker] INFO org.example.app.core.resources.NetworkP2PTest - ===== TESTING REQUEST-RESPONSE =====
[Test worker] INFO org.example.app.core.resources.NetworkP2PTest - peer-2 received message from port 8001: REQUEST
[Test worker] INFO org.example.app.core.resources.NetworkP2PTest - peer-1 sent message to peer at port 8002
[Test worker] INFO org.example.app.core.resources.NetworkP2PTest - peer-3 received message from port 8001: REQUEST
[Test worker] INFO org.example.app.core.resources.NetworkP2PTest - peer-1 sent message to peer at port 8003
[Test worker] INFO org.example.app.core.resources.NetworkP2PTest - Request received by Peer 1: 1
[Test worker] INFO org.example.app.core.resources.NetworkP2PTest - Request received by Peer 2: 1
[Test worker] INFO org.example.app.core.resources.NetworkP2PTest - peer-1 received message from port 8002: RESPONSE
[Test worker] INFO org.example.app.core.resources.NetworkP2PTest - peer-2 sent message to peer at port 8001
[Test worker] INFO org.example.app.core.resources.NetworkP2PTest - Response from Peer 1 to Client: 1
[Test worker] INFO org.example.app.core.resources.NetworkP2PTest - peer-1 received message from port 8003: RESPONSE
[Test worker] INFO org.example.app.core.resources.NetworkP2PTest - peer-3 sent message to peer at port 8001
[Test worker] INFO org.example.app.core.resources.NetworkP2PTest - Response from Peer 2 to Client: 1
[Test worker] INFO org.example.app.core.resources.NetworkP2PTest - Stopped local peer peer-1
[Test worker] INFO org.example.app.core.resources.NetworkP2PTest - Stopped local peer peer-2
[Test worker] INFO org.example.app.core.resources.NetworkP2PTest - Stopped local peer peer-3
[Test worker] INFO org.example.app.core.resources.NetworkP2PTest - Network manager stopped
]]></system-err>
</testsuite>
