<?xml version="1.0" encoding="UTF-8"?>
<testsuite name="org.example.app.core.wallet.WalletTest" tests="10" skipped="2" failures="0" errors="0" timestamp="2025-03-24T09:15:51.281Z" hostname="DESKTOP-KVECFDS" time="0.505">
  <properties/>
  <testcase name="testNonceIncrement()" classname="org.example.app.core.wallet.WalletTest" time="0.075"/>
  <testcase name="testTransactionBuilderValidation()" classname="org.example.app.core.wallet.WalletTest" time="0.004"/>
  <testcase name="testTransactionBuilding()" classname="org.example.app.core.wallet.WalletTest" time="0.004"/>
  <testcase name="testWalletStorageSaveAndLoad()" classname="org.example.app.core.wallet.WalletTest" time="0.001">
    <skipped/>
  </testcase>
  <testcase name="testInsufficientFunds()" classname="org.example.app.core.wallet.WalletTest" time="0.003"/>
  <testcase name="testDigitalSignature()" classname="org.example.app.core.wallet.WalletTest" time="0.368"/>
  <testcase name="testWalletCreation()" classname="org.example.app.core.wallet.WalletTest" time="0.006"/>
  <testcase name="testWalletStorageSecurity()" classname="org.example.app.core.wallet.WalletTest" time="0.0">
    <skipped/>
  </testcase>
  <testcase name="testKeyUtilsAddressGeneration()" classname="org.example.app.core.wallet.WalletTest" time="0.01"/>
  <testcase name="testWalletStorageListWallets()" classname="org.example.app.core.wallet.WalletTest" time="0.024"/>
  <system-out><![CDATA[]]></system-out>
  <system-err><![CDATA[[Test worker] INFO org.example.app.core.wallet.WalletTest - ===== INITIALIZING WALLET TEST =====
[Test worker] INFO org.example.app.core.wallet.WalletTest - Created test wallet with address: 3059301306072a8648ce3d020106082a8648ce3d
[Test worker] INFO org.example.app.core.wallet.WalletTest - ===== TESTING NONCE INCREMENT =====
[Test worker] INFO org.example.app.core.wallet.WalletTest - Successfully tested multiple transaction creation
[Test worker] INFO org.example.app.core.wallet.WalletTest - ===== CLEANING UP WALLET TEST =====
[Test worker] INFO org.example.app.core.wallet.WalletTest - Deleted test wallet: test-wallet-e1ff3dbb
[Test worker] INFO org.example.app.core.wallet.WalletTest - ===== INITIALIZING WALLET TEST =====
[Test worker] INFO org.example.app.core.wallet.WalletTest - Created test wallet with address: 3059301306072a8648ce3d020106082a8648ce3d
[Test worker] INFO org.example.app.core.wallet.WalletTest - ===== TESTING TRANSACTION BUILDER VALIDATION =====
[Test worker] INFO org.example.app.core.wallet.WalletTest - Successfully tested transaction builder validation
[Test worker] INFO org.example.app.core.wallet.WalletTest - ===== CLEANING UP WALLET TEST =====
[Test worker] INFO org.example.app.core.wallet.WalletTest - Deleted test wallet: test-wallet-31cd6146
[Test worker] INFO org.example.app.core.wallet.WalletTest - ===== INITIALIZING WALLET TEST =====
[Test worker] INFO org.example.app.core.wallet.WalletTest - Created test wallet with address: 3059301306072a8648ce3d020106082a8648ce3d
[Test worker] INFO org.example.app.core.wallet.WalletTest - ===== TESTING TRANSACTION BUILDING =====
[Test worker] INFO org.example.app.core.wallet.WalletTest - Successfully created transaction with amount: 100
[Test worker] INFO org.example.app.core.wallet.WalletTest - ===== CLEANING UP WALLET TEST =====
[Test worker] INFO org.example.app.core.wallet.WalletTest - Deleted test wallet: test-wallet-21061a5a
[Test worker] INFO org.example.app.core.wallet.WalletTest - ===== INITIALIZING WALLET TEST =====
[Test worker] INFO org.example.app.core.wallet.WalletTest - Created test wallet with address: 3059301306072a8648ce3d020106082a8648ce3d
[Test worker] INFO org.example.app.core.wallet.WalletTest - ===== TESTING INSUFFICIENT FUNDS =====
[Test worker] INFO org.example.app.core.wallet.WalletTest - Successfully tested insufficient funds scenario
[Test worker] INFO org.example.app.core.wallet.WalletTest - ===== CLEANING UP WALLET TEST =====
[Test worker] INFO org.example.app.core.wallet.WalletTest - Deleted test wallet: test-wallet-4285a085
[Test worker] INFO org.example.app.core.wallet.WalletTest - ===== INITIALIZING WALLET TEST =====
[Test worker] INFO org.example.app.core.wallet.WalletTest - Created test wallet with address: 3059301306072a8648ce3d020106082a8648ce3d
[Test worker] INFO org.example.app.core.wallet.WalletTest - ===== TESTING DIGITAL SIGNATURE =====
[Test worker] INFO org.example.app.core.wallet.WalletTest - Successfully tested digital signature
[Test worker] INFO org.example.app.core.wallet.WalletTest - ===== CLEANING UP WALLET TEST =====
[Test worker] INFO org.example.app.core.wallet.WalletTest - Deleted test wallet: test-wallet-c84b8647
[Test worker] INFO org.example.app.core.wallet.WalletTest - ===== INITIALIZING WALLET TEST =====
[Test worker] INFO org.example.app.core.wallet.WalletTest - Created test wallet with address: 3059301306072a8648ce3d020106082a8648ce3d
[Test worker] INFO org.example.app.core.wallet.WalletTest - ===== TESTING WALLET CREATION =====
[Test worker] INFO org.example.app.core.wallet.WalletTest - Successfully created wallet with address: 3059301306072a8648ce3d020106082a8648ce3d
[Test worker] INFO org.example.app.core.wallet.WalletTest - ===== CLEANING UP WALLET TEST =====
[Test worker] INFO org.example.app.core.wallet.WalletTest - Deleted test wallet: test-wallet-8bd278dd
[Test worker] INFO org.example.app.core.wallet.WalletTest - ===== INITIALIZING WALLET TEST =====
[Test worker] INFO org.example.app.core.wallet.WalletTest - Created test wallet with address: 3059301306072a8648ce3d020106082a8648ce3d
[Test worker] INFO org.example.app.core.wallet.WalletTest - ===== TESTING KEY UTILS ADDRESS GENERATION =====
[Test worker] INFO org.example.app.core.wallet.WalletTest - Successfully generated address: 0x0000000000000000000000000000000000000000
[Test worker] INFO org.example.app.core.wallet.WalletTest - ===== CLEANING UP WALLET TEST =====
[Test worker] INFO org.example.app.core.wallet.WalletTest - Deleted test wallet: test-wallet-a2dff06b
[Test worker] INFO org.example.app.core.wallet.WalletTest - ===== INITIALIZING WALLET TEST =====
[Test worker] INFO org.example.app.core.wallet.WalletTest - Created test wallet with address: 3059301306072a8648ce3d020106082a8648ce3d
[Test worker] INFO org.example.app.core.wallet.WalletTest - ===== TESTING WALLET STORAGE LIST WALLETS =====
[Test worker] INFO org.example.app.core.wallet.WalletTest - Successfully listed wallets: test-wallet-bdebebaf-0, test-wallet-bdebebaf-1, test-wallet-bdebebaf-2
[Test worker] INFO org.example.app.core.wallet.WalletTest - ===== CLEANING UP WALLET TEST =====
[Test worker] INFO org.example.app.core.wallet.WalletTest - Deleted test wallet: test-wallet-bdebebaf
]]></system-err>
</testsuite>
